<?xml version='1.0' encoding='UTF-8'?>
<testsuite hostname="Dans-MacBook-Air.local" name="TestTable" tests="8" errors="0" failures="0" skipped="0" time="0.017" timestamp="2024-05-04T14:45:28">
          <properties>
[...]
</properties>
          <testcase classname="TestTable" name="apply 1" time="0.009">
                      
                    </testcase><testcase classname="TestTable" name="toString 1" time="0.003">
                      
                    </testcase><testcase classname="TestTable" name="filter 1" time="0.002">
                      
                    </testcase><testcase classname="TestTable" name="delete 1" time="0.001">
                      
                    </testcase><testcase classname="TestTable" name="insert 1" time="0.0">
                      
                    </testcase><testcase classname="TestTable" name="sort 1" time="0.002">
                      
                    </testcase><testcase classname="TestTable" name="select 1" time="0.0">
                      
                    </testcase><testcase classname="TestTable" name="update 1" time="0.0">
                      
                    </testcase>
          <system-out><![CDATA[]]></system-out>
          <system-err><![CDATA[]]></system-err>
        </testsuite>